f:\c++\opencv\src\pr\platerecongnition\debug\vc141.pdb
f:\c++\opencv\src\pr\platerecongnition\debug\vc141.idb
f:\c++\opencv\src\pr\platerecongnition\debug\util.obj
f:\c++\opencv\src\pr\platerecongnition\debug\kv.obj
f:\c++\opencv\src\pr\platerecongnition\debug\svm.obj
f:\c++\opencv\src\pr\platerecongnition\debug\feature.obj
f:\c++\opencv\src\pr\platerecongnition\debug\test.obj
f:\c++\opencv\src\pr\platerecongnition\debug\menu.obj
f:\c++\opencv\src\pr\platerecongnition\debug\main.obj
f:\c++\opencv\src\pr\platerecongnition\debug\process.obj
f:\c++\opencv\src\pr\platerecongnition\debug\location.obj
f:\c++\opencv\src\pr\platerecongnition\debug\locateprocess.obj
f:\c++\opencv\src\pr\platerecongnition\debug\char_identify.obj
f:\c++\opencv\src\pr\platerecongnition\debug\chars_recongniton.obj
f:\c++\opencv\src\pr\platerecongnition\debug\platerecongnition.ilk
f:\c++\opencv\src\pr\platerecongnition\debug\platerecongnition.exe
f:\c++\opencv\src\pr\platerecongnition\debug\platerecongnition.pdb
f:\c++\opencv\src\pr\platerecongnition\debug\platerec.53d07610.tlog\cl.command.1.tlog
f:\c++\opencv\src\pr\platerecongnition\debug\platerec.53d07610.tlog\cl.read.1.tlog
f:\c++\opencv\src\pr\platerecongnition\debug\platerec.53d07610.tlog\cl.write.1.tlog
f:\c++\opencv\src\pr\platerecongnition\debug\platerec.53d07610.tlog\link.command.1.tlog
f:\c++\opencv\src\pr\platerecongnition\debug\platerec.53d07610.tlog\link.read.1.tlog
f:\c++\opencv\src\pr\platerecongnition\debug\platerec.53d07610.tlog\link.write.1.tlog
